<?xml version="1.0" encoding="UTF-8"?>
<testsuite xmlns:xsi="http://www.w3.org/2001/XMLSchema-instance" xsi:noNamespaceSchemaLocation="https://maven.apache.org/surefire/maven-surefire-plugin/xsd/surefire-test-report.xsd" name="es.ull.flightspassengers.FlightPassengerTest" time="0.023" tests="8" errors="0" skipped="0" failures="0">
  <properties>
[...]
</properties>
  <testcase name="testPassengerFlight" classname="es.ull.flightspassengers.FlightPassengerTest$PassengerMethods" time="0"/>
  <testcase name="testFlightAddPassenger5{RepetitionInfo}[1]" classname="es.ull.flightspassengers.FlightPassengerTest$FlightMethods" time="0.003"/>
  <testcase name="testFlightAddPassenger5{RepetitionInfo}[2]" classname="es.ull.flightspassengers.FlightPassengerTest$FlightMethods" time="0.001"/>
  <testcase name="testFlightAddPassenger5{RepetitionInfo}[3]" classname="es.ull.flightspassengers.FlightPassengerTest$FlightMethods" time="0"/>
  <testcase name="testFlightAddPassenger5{RepetitionInfo}[4]" classname="es.ull.flightspassengers.FlightPassengerTest$FlightMethods" time="0.001"/>
  <testcase name="testFlightAddPassenger5{RepetitionInfo}[5]" classname="es.ull.flightspassengers.FlightPassengerTest$FlightMethods" time="0"/>
  <testcase name="testFlightRemovePassenger" classname="es.ull.flightspassengers.FlightPassengerTest$FlightMethods" time="0.002"/>
  <testcase name="testFlightAddPassenger" classname="es.ull.flightspassengers.FlightPassengerTest$FlightMethods" time="0.001"/>
</testsuite>